1602053818373	geckodriver	INFO	Listening on 127.0.0.1:43249
1602053819384	mozrunner::runner	INFO	Running command: "/usr/bin/firefox" "--marionette" "-foreground" "-no-remote" "-profile" "/tmp/rust_mozprofileg2SXQN"
console.error: SearchCache: "_readCacheFile: Error reading cache file:" (new Error("", "(unknown module)"))
1602053821515	Marionette	INFO	Listening on port 32911
1602053821591	Marionette	WARN	TLS certificate errors will be ignored for this session
JavaScript error: resource://gre/actors/AutoCompleteChild.jsm, line 235: Error: Invalid autocomplete selectedIndex
1602053821837	Marionette	INFO	Stopped listening on port 32911
console.error: Region.jsm: "Error fetching region" (new TypeError("NetworkError when attempting to fetch resource.", ""))
console.error: Region.jsm: "Failed to fetch region" (new Error("NO_RESULT", "resource://gre/modules/Region.jsm", 351))
1602053949776	geckodriver	INFO	Listening on 127.0.0.1:47455
1602053949780	mozrunner::runner	INFO	Running command: "/usr/bin/firefox" "--marionette" "-foreground" "-no-remote" "-profile" "/tmp/rust_mozprofileP1Ks1e"
console.error: SearchCache: "_readCacheFile: Error reading cache file:" (new Error("", "(unknown module)"))
console.error: Region.jsm: "Error fetching region" (new TypeError("NetworkError when attempting to fetch resource.", ""))
console.error: Region.jsm: "Failed to fetch region" (new Error("NO_RESULT", "resource://gre/modules/Region.jsm", 351))
1602053952017	Marionette	INFO	Listening on port 36857
1602053952086	Marionette	WARN	TLS certificate errors will be ignored for this session
JavaScript error: resource://gre/actors/AutoCompleteChild.jsm, line 235: Error: Invalid autocomplete selectedIndex
1602053952311	Marionette	INFO	Stopped listening on port 36857
1602054038058	geckodriver	INFO	Listening on 127.0.0.1:37781
1602054038062	mozrunner::runner	INFO	Running command: "/usr/bin/firefox" "--marionette" "-foreground" "-no-remote" "-profile" "/tmp/rust_mozprofileHhvrli"
console.error: SearchCache: "_readCacheFile: Error reading cache file:" (new Error("", "(unknown module)"))
console.error: Region.jsm: "Error fetching region" (new TypeError("NetworkError when attempting to fetch resource.", ""))
console.error: Region.jsm: "Failed to fetch region" (new Error("NO_RESULT", "resource://gre/modules/Region.jsm", 351))
1602054040236	Marionette	INFO	Listening on port 45223
1602054040291	Marionette	WARN	TLS certificate errors will be ignored for this session
JavaScript error: resource://gre/actors/AutoCompleteChild.jsm, line 235: Error: Invalid autocomplete selectedIndex
1602054040564	Marionette	INFO	Stopped listening on port 45223
1602054131765	geckodriver	INFO	Listening on 127.0.0.1:57901
1602054131768	mozrunner::runner	INFO	Running command: "/usr/bin/firefox" "--marionette" "-foreground" "-no-remote" "-profile" "/tmp/rust_mozprofilesJ9UXN"
console.error: SearchCache: "_readCacheFile: Error reading cache file:" (new Error("", "(unknown module)"))
console.error: Region.jsm: "Error fetching region" (new TypeError("NetworkError when attempting to fetch resource.", ""))
console.error: Region.jsm: "Failed to fetch region" (new Error("NO_RESULT", "resource://gre/modules/Region.jsm", 351))
1602054133952	Marionette	INFO	Listening on port 41285
1602054133975	Marionette	WARN	TLS certificate errors will be ignored for this session
JavaScript error: resource://gre/actors/AutoCompleteChild.jsm, line 235: Error: Invalid autocomplete selectedIndex
1602054165032	Marionette	INFO	Stopped listening on port 41285
1602054223352	geckodriver	INFO	Listening on 127.0.0.1:44301
1602054223356	mozrunner::runner	INFO	Running command: "/usr/bin/firefox" "--marionette" "-foreground" "-no-remote" "-profile" "/tmp/rust_mozprofileoTOsp9"
console.error: SearchCache: "_readCacheFile: Error reading cache file:" (new Error("", "(unknown module)"))
console.error: Region.jsm: "Error fetching region" (new TypeError("NetworkError when attempting to fetch resource.", ""))
console.error: Region.jsm: "Failed to fetch region" (new Error("NO_RESULT", "resource://gre/modules/Region.jsm", 351))
1602054225534	Marionette	INFO	Listening on port 38447
1602054225608	Marionette	WARN	TLS certificate errors will be ignored for this session
JavaScript error: resource://gre/actors/AutoCompleteChild.jsm, line 235: Error: Invalid autocomplete selectedIndex
1602054225874	Marionette	INFO	Stopped listening on port 38447
1602054444973	geckodriver	INFO	Listening on 127.0.0.1:42341
1602054444977	mozrunner::runner	INFO	Running command: "/usr/bin/firefox" "--marionette" "-foreground" "-no-remote" "-profile" "/tmp/rust_mozprofileZ4fKYw"
console.error: SearchCache: "_readCacheFile: Error reading cache file:" (new Error("", "(unknown module)"))
console.error: Region.jsm: "Error fetching region" (new TypeError("NetworkError when attempting to fetch resource.", ""))
console.error: Region.jsm: "Failed to fetch region" (new Error("NO_RESULT", "resource://gre/modules/Region.jsm", 351))
1602054447257	Marionette	INFO	Listening on port 33871
1602054447284	Marionette	WARN	TLS certificate errors will be ignored for this session
JavaScript error: resource://gre/actors/AutoCompleteChild.jsm, line 235: Error: Invalid autocomplete selectedIndex
1602054447549	Marionette	INFO	Stopped listening on port 33871
1602054502437	geckodriver	INFO	Listening on 127.0.0.1:60331
1602054502441	mozrunner::runner	INFO	Running command: "/usr/bin/firefox" "--marionette" "-foreground" "-no-remote" "-profile" "/tmp/rust_mozprofileK3sq9Z"
console.error: SearchCache: "_readCacheFile: Error reading cache file:" (new Error("", "(unknown module)"))
console.error: Region.jsm: "Error fetching region" (new TypeError("NetworkError when attempting to fetch resource.", ""))
console.error: Region.jsm: "Failed to fetch region" (new Error("NO_RESULT", "resource://gre/modules/Region.jsm", 351))
1602054504687	Marionette	INFO	Listening on port 41041
1602054504747	Marionette	WARN	TLS certificate errors will be ignored for this session
JavaScript error: resource://gre/actors/AutoCompleteChild.jsm, line 235: Error: Invalid autocomplete selectedIndex
1602054505003	Marionette	INFO	Stopped listening on port 41041
1602054543618	geckodriver	INFO	Listening on 127.0.0.1:60015
1602054543622	mozrunner::runner	INFO	Running command: "/usr/bin/firefox" "--marionette" "-foreground" "-no-remote" "-profile" "/tmp/rust_mozprofileNUun0W"
console.error: SearchCache: "_readCacheFile: Error reading cache file:" (new Error("", "(unknown module)"))
console.error: Region.jsm: "Error fetching region" (new TypeError("NetworkError when attempting to fetch resource.", ""))
console.error: Region.jsm: "Failed to fetch region" (new Error("NO_RESULT", "resource://gre/modules/Region.jsm", 351))
1602054545739	Marionette	INFO	Listening on port 43191
1602054545830	Marionette	WARN	TLS certificate errors will be ignored for this session
JavaScript error: resource://gre/actors/AutoCompleteChild.jsm, line 235: Error: Invalid autocomplete selectedIndex
1602054546084	Marionette	INFO	Stopped listening on port 43191
1602054580176	geckodriver	INFO	Listening on 127.0.0.1:48491
1602054580180	mozrunner::runner	INFO	Running command: "/usr/bin/firefox" "--marionette" "-foreground" "-no-remote" "-profile" "/tmp/rust_mozprofileMau08M"
console.error: SearchCache: "_readCacheFile: Error reading cache file:" (new Error("", "(unknown module)"))
console.error: Region.jsm: "Error fetching region" (new TypeError("NetworkError when attempting to fetch resource.", ""))
console.error: Region.jsm: "Failed to fetch region" (new Error("NO_RESULT", "resource://gre/modules/Region.jsm", 351))
1602054582480	Marionette	INFO	Listening on port 41345
1602054582489	Marionette	WARN	TLS certificate errors will be ignored for this session
JavaScript error: resource://gre/actors/AutoCompleteChild.jsm, line 235: Error: Invalid autocomplete selectedIndex
1602054582796	Marionette	INFO	Stopped listening on port 41345
1602054625876	geckodriver	INFO	Listening on 127.0.0.1:35025
1602054625881	mozrunner::runner	INFO	Running command: "/usr/bin/firefox" "--marionette" "-foreground" "-no-remote" "-profile" "/tmp/rust_mozprofilenukvfg"
console.error: SearchCache: "_readCacheFile: Error reading cache file:" (new Error("", "(unknown module)"))
console.error: Region.jsm: "Error fetching region" (new TypeError("NetworkError when attempting to fetch resource.", ""))
console.error: Region.jsm: "Failed to fetch region" (new Error("NO_RESULT", "resource://gre/modules/Region.jsm", 351))
1602054628133	Marionette	INFO	Listening on port 44739
1602054628202	Marionette	WARN	TLS certificate errors will be ignored for this session
JavaScript error: resource://gre/actors/AutoCompleteChild.jsm, line 235: Error: Invalid autocomplete selectedIndex
1602054628510	Marionette	INFO	Stopped listening on port 44739
1602055109225	geckodriver	INFO	Listening on 127.0.0.1:37525
1602055109229	mozrunner::runner	INFO	Running command: "/usr/bin/firefox" "--marionette" "-foreground" "-no-remote" "-profile" "/tmp/rust_mozprofilepQnvwI"
console.error: SearchCache: "_readCacheFile: Error reading cache file:" (new Error("", "(unknown module)"))
1602055111416	Marionette	INFO	Listening on port 34487
1602055111448	Marionette	WARN	TLS certificate errors will be ignored for this session
JavaScript error: resource://gre/actors/AutoCompleteChild.jsm, line 235: Error: Invalid autocomplete selectedIndex
1602055111744	Marionette	INFO	Stopped listening on port 34487
console.error: services.settings: 
  main/partitioning-exempt-urls Signature failed  TypeError: NetworkError when attempting to fetch resource.
console.error: Region.jsm: "Error fetching region" (new TypeError("NetworkError when attempting to fetch resource.", ""))
console.error: Region.jsm: "Failed to fetch region" (new Error("NO_RESULT", "resource://gre/modules/Region.jsm", 351))
1602055386265	geckodriver	INFO	Listening on 127.0.0.1:44975
1602055386268	mozrunner::runner	INFO	Running command: "/usr/bin/firefox" "--marionette" "-foreground" "-no-remote" "-profile" "/tmp/rust_mozprofilevJEako"
console.error: SearchCache: "_readCacheFile: Error reading cache file:" (new Error("", "(unknown module)"))
1602055388568	Marionette	INFO	Listening on port 42023
1602055388579	Marionette	WARN	TLS certificate errors will be ignored for this session
JavaScript error: resource://gre/actors/AutoCompleteChild.jsm, line 235: Error: Invalid autocomplete selectedIndex
1602055388825	Marionette	INFO	Stopped listening on port 42023
console.error: services.settings: 
  main/cfr Signature failed  TypeError: NetworkError when attempting to fetch resource.
console.error: Region.jsm: "Error fetching region" (new TypeError("NetworkError when attempting to fetch resource.", ""))
console.error: Region.jsm: "Failed to fetch region" (new Error("NO_RESULT", "resource://gre/modules/Region.jsm", 351))
1602055726347	geckodriver	INFO	Listening on 127.0.0.1:57639
1602055726350	mozrunner::runner	INFO	Running command: "/usr/bin/firefox" "--marionette" "-foreground" "-no-remote" "-profile" "/tmp/rust_mozprofileiWWuyA"
console.error: SearchCache: "_readCacheFile: Error reading cache file:" (new Error("", "(unknown module)"))
1602055728504	Marionette	INFO	Listening on port 34735
1602055728557	Marionette	WARN	TLS certificate errors will be ignored for this session
JavaScript error: resource://gre/actors/AutoCompleteChild.jsm, line 235: Error: Invalid autocomplete selectedIndex
1602055739621	Marionette	INFO	Stopped listening on port 34735
1602055782917	geckodriver	INFO	Listening on 127.0.0.1:47207
1602055782921	mozrunner::runner	INFO	Running command: "/usr/bin/firefox" "--marionette" "-foreground" "-no-remote" "-profile" "/tmp/rust_mozprofileyEOHFF"
console.error: SearchCache: "_readCacheFile: Error reading cache file:" (new Error("", "(unknown module)"))
1602055785201	Marionette	INFO	Listening on port 36059
1602055785228	Marionette	WARN	TLS certificate errors will be ignored for this session
JavaScript error: resource://gre/actors/AutoCompleteChild.jsm, line 235: Error: Invalid autocomplete selectedIndex
1602055796321	Marionette	INFO	Stopped listening on port 36059
1602055898989	geckodriver	INFO	Listening on 127.0.0.1:38623
1602055898992	mozrunner::runner	INFO	Running command: "/usr/bin/firefox" "--marionette" "-foreground" "-no-remote" "-profile" "/tmp/rust_mozprofileAA9yDQ"
console.error: SearchCache: "_readCacheFile: Error reading cache file:" (new Error("", "(unknown module)"))
1602055901261	Marionette	INFO	Listening on port 46683
1602055901322	Marionette	WARN	TLS certificate errors will be ignored for this session
JavaScript error: resource://gre/actors/AutoCompleteChild.jsm, line 235: Error: Invalid autocomplete selectedIndex
1602055902061	Marionette	INFO	Stopped listening on port 46683
1602055975612	geckodriver	INFO	Listening on 127.0.0.1:60223
1602055975615	mozrunner::runner	INFO	Running command: "/usr/bin/firefox" "--marionette" "-foreground" "-no-remote" "-profile" "/tmp/rust_mozprofile4z7G6f"
console.error: SearchCache: "_readCacheFile: Error reading cache file:" (new Error("", "(unknown module)"))
1602055977813	Marionette	INFO	Listening on port 33711
1602055977821	Marionette	WARN	TLS certificate errors will be ignored for this session
JavaScript error: resource://gre/actors/AutoCompleteChild.jsm, line 235: Error: Invalid autocomplete selectedIndex
1602055988425	Marionette	INFO	Stopped listening on port 33711
1602056027415	geckodriver	INFO	Listening on 127.0.0.1:56737
1602056027419	mozrunner::runner	INFO	Running command: "/usr/bin/firefox" "--marionette" "-foreground" "-no-remote" "-profile" "/tmp/rust_mozprofileS7aqHt"
console.error: SearchCache: "_readCacheFile: Error reading cache file:" (new Error("", "(unknown module)"))
1602056029588	Marionette	INFO	Listening on port 43403
1602056029627	Marionette	WARN	TLS certificate errors will be ignored for this session
JavaScript error: resource://gre/actors/AutoCompleteChild.jsm, line 235: Error: Invalid autocomplete selectedIndex
1602056089938	Marionette	INFO	Stopped listening on port 43403
1602056175381	geckodriver	INFO	Listening on 127.0.0.1:59241
1602056175385	mozrunner::runner	INFO	Running command: "/usr/bin/firefox" "--marionette" "-foreground" "-no-remote" "-profile" "/tmp/rust_mozprofilejcd4zB"
console.error: SearchCache: "_readCacheFile: Error reading cache file:" (new Error("", "(unknown module)"))
1602056177638	Marionette	INFO	Listening on port 34903
1602056177691	Marionette	WARN	TLS certificate errors will be ignored for this session
JavaScript error: resource://gre/actors/AutoCompleteChild.jsm, line 235: Error: Invalid autocomplete selectedIndex
1602056182173	Marionette	INFO	Stopped listening on port 34903
1602056202092	geckodriver	INFO	Listening on 127.0.0.1:56501
1602056202096	mozrunner::runner	INFO	Running command: "/usr/bin/firefox" "--marionette" "-foreground" "-no-remote" "-profile" "/tmp/rust_mozprofilePBwxjd"
console.error: SearchCache: "_readCacheFile: Error reading cache file:" (new Error("", "(unknown module)"))
1602056204534	Marionette	INFO	Listening on port 33099
1602056204606	Marionette	WARN	TLS certificate errors will be ignored for this session
JavaScript error: resource://gre/actors/AutoCompleteChild.jsm, line 235: Error: Invalid autocomplete selectedIndex
1602056210655	Marionette	INFO	Stopped listening on port 33099
1602056249997	geckodriver	INFO	Listening on 127.0.0.1:33973
1602056250000	mozrunner::runner	INFO	Running command: "/usr/bin/firefox" "--marionette" "-foreground" "-no-remote" "-profile" "/tmp/rust_mozprofilem3JXu3"
console.error: SearchCache: "_readCacheFile: Error reading cache file:" (new Error("", "(unknown module)"))
1602056252241	Marionette	INFO	Listening on port 45149
1602056252307	Marionette	WARN	TLS certificate errors will be ignored for this session
JavaScript error: resource://gre/actors/AutoCompleteChild.jsm, line 235: Error: Invalid autocomplete selectedIndex
1602056313098	Marionette	INFO	Stopped listening on port 45149
1602056530510	geckodriver	INFO	Listening on 127.0.0.1:34969
1602056530514	mozrunner::runner	INFO	Running command: "/usr/bin/firefox" "--marionette" "-foreground" "-no-remote" "-profile" "/tmp/rust_mozprofiley4zwCz"
console.error: SearchCache: "_readCacheFile: Error reading cache file:" (new Error("", "(unknown module)"))
1602056532763	Marionette	INFO	Listening on port 33331
1602056532821	Marionette	WARN	TLS certificate errors will be ignored for this session
JavaScript error: resource://gre/actors/AutoCompleteChild.jsm, line 235: Error: Invalid autocomplete selectedIndex
1602056535174	Marionette	INFO	Stopped listening on port 33331
1602056706140	geckodriver	INFO	Listening on 127.0.0.1:38957
1602056706143	mozrunner::runner	INFO	Running command: "/usr/bin/firefox" "--marionette" "-foreground" "-no-remote" "-profile" "/tmp/rust_mozprofileemTlOh"
console.error: SearchCache: "_readCacheFile: Error reading cache file:" (new Error("", "(unknown module)"))
1602056708266	Marionette	INFO	Listening on port 36495
1602056708348	Marionette	WARN	TLS certificate errors will be ignored for this session
JavaScript error: resource://gre/actors/AutoCompleteChild.jsm, line 235: Error: Invalid autocomplete selectedIndex
1602056710770	Marionette	INFO	Stopped listening on port 36495
1602068551491	geckodriver	INFO	Listening on 127.0.0.1:54055
1602068551494	mozrunner::runner	INFO	Running command: "/usr/bin/firefox" "--marionette" "-foreground" "-no-remote" "-profile" "/tmp/rust_mozprofileCfONok"
console.error: SearchCache: "_readCacheFile: Error reading cache file:" (new Error("", "(unknown module)"))
1602068553245	Marionette	INFO	Listening on port 37919
1602068553302	Marionette	WARN	TLS certificate errors will be ignored for this session
JavaScript error: resource://gre/actors/AutoCompleteChild.jsm, line 235: Error: Invalid autocomplete selectedIndex
1602068555765	Marionette	INFO	Stopped listening on port 37919
1602070630700	geckodriver	INFO	Listening on 127.0.0.1:60949
1602070630703	mozrunner::runner	INFO	Running command: "/usr/bin/firefox" "--marionette" "-foreground" "-no-remote" "-profile" "/tmp/rust_mozprofileRSVkaJ"
console.error: SearchCache: "_readCacheFile: Error reading cache file:" (new Error("", "(unknown module)"))
1602070632572	Marionette	INFO	Listening on port 32827
1602070632638	Marionette	WARN	TLS certificate errors will be ignored for this session
JavaScript error: resource://gre/actors/AutoCompleteChild.jsm, line 235: Error: Invalid autocomplete selectedIndex
1602070632893	Marionette	INFO	Stopped listening on port 32827
console.error: Region.jsm: "Error fetching region" (new TypeError("NetworkError when attempting to fetch resource.", ""))
console.error: Region.jsm: "Failed to fetch region" (new Error("NO_RESULT", "resource://gre/modules/Region.jsm", 351))
console.error: services.settings: 
  main/cfr-fxa Signature failed  TypeError: NetworkError when attempting to fetch resource.
1602071157738	geckodriver	INFO	Listening on 127.0.0.1:41143
1602071157743	mozrunner::runner	INFO	Running command: "/usr/bin/firefox" "--marionette" "-foreground" "-no-remote" "-profile" "/tmp/rust_mozprofileLUUlFA"
console.error: SearchCache: "_readCacheFile: Error reading cache file:" (new Error("", "(unknown module)"))
1602071159748	Marionette	INFO	Listening on port 43287
1602071159848	Marionette	WARN	TLS certificate errors will be ignored for this session
JavaScript error: resource://gre/actors/AutoCompleteChild.jsm, line 235: Error: Invalid autocomplete selectedIndex
1602071160046	Marionette	INFO	Stopped listening on port 43287
console.error: Region.jsm: "Error fetching region" (new TypeError("NetworkError when attempting to fetch resource.", ""))
console.error: Region.jsm: "Failed to fetch region" (new Error("NO_RESULT", "resource://gre/modules/Region.jsm", 351))
console.error: services.settings: 
  main/cfr-fxa Signature failed  TypeError: NetworkError when attempting to fetch resource.
1602071305397	geckodriver	INFO	Listening on 127.0.0.1:35571
1602071305401	mozrunner::runner	INFO	Running command: "/usr/bin/firefox" "--marionette" "-foreground" "-no-remote" "-profile" "/tmp/rust_mozprofileBzfXrQ"
console.error: SearchCache: "_readCacheFile: Error reading cache file:" (new Error("", "(unknown module)"))
1602071307422	Marionette	INFO	Listening on port 36521
1602071307513	Marionette	WARN	TLS certificate errors will be ignored for this session
JavaScript error: resource://gre/actors/AutoCompleteChild.jsm, line 235: Error: Invalid autocomplete selectedIndex
1602071307715	Marionette	INFO	Stopped listening on port 36521
console.error: Region.jsm: "Error fetching region" (new TypeError("NetworkError when attempting to fetch resource.", ""))
console.error: Region.jsm: "Failed to fetch region" (new Error("NO_RESULT", "resource://gre/modules/Region.jsm", 351))
console.error: services.settings: 
  main/cfr-fxa Signature failed  TypeError: NetworkError when attempting to fetch resource.
1602071784093	geckodriver	INFO	Listening on 127.0.0.1:47165
1602071784096	mozrunner::runner	INFO	Running command: "/usr/bin/firefox" "--marionette" "-foreground" "-no-remote" "-profile" "/tmp/rust_mozprofileCKcdpH"
console.error: SearchCache: "_readCacheFile: Error reading cache file:" (new Error("", "(unknown module)"))
1602071786249	Marionette	INFO	Listening on port 33789
1602071786302	Marionette	WARN	TLS certificate errors will be ignored for this session
JavaScript error: resource://gre/actors/AutoCompleteChild.jsm, line 235: Error: Invalid autocomplete selectedIndex
1602071786508	Marionette	INFO	Stopped listening on port 33789
console.warn: services.settings: main/partitioning-exempt-urls sync interrupted by shutdown
console.error: Region.jsm: "Error fetching region" (new TypeError("NetworkError when attempting to fetch resource.", ""))
console.error: Region.jsm: "Failed to fetch region" (new Error("NO_RESULT", "resource://gre/modules/Region.jsm", 351))
1602071796071	geckodriver	INFO	Listening on 127.0.0.1:58999
1602071796074	mozrunner::runner	INFO	Running command: "/usr/bin/firefox" "--marionette" "-foreground" "-no-remote" "-profile" "/tmp/rust_mozprofilewMLAne"
console.error: SearchCache: "_readCacheFile: Error reading cache file:" (new Error("", "(unknown module)"))
1602071797952	Marionette	INFO	Listening on port 42617
1602071798015	Marionette	WARN	TLS certificate errors will be ignored for this session
JavaScript error: resource://gre/actors/AutoCompleteChild.jsm, line 235: Error: Invalid autocomplete selectedIndex
1602071798331	Marionette	INFO	Stopped listening on port 42617
console.error: Region.jsm: "Error fetching region" (new TypeError("NetworkError when attempting to fetch resource.", ""))
console.error: Region.jsm: "Failed to fetch region" (new Error("NO_RESULT", "resource://gre/modules/Region.jsm", 351))
console.error: services.settings: 
  main/cfr-fxa Signature failed  TypeError: NetworkError when attempting to fetch resource.
console.error: services.settings: 
  main/partitioning-exempt-urls Signature failed  TypeError: NetworkError when attempting to fetch resource.
1602072426723	geckodriver	INFO	Listening on 127.0.0.1:46943
1602072426728	mozrunner::runner	INFO	Running command: "/usr/bin/firefox" "--marionette" "-foreground" "-no-remote" "-profile" "/tmp/rust_mozprofileGzaF80"
console.error: SearchCache: "_readCacheFile: Error reading cache file:" (new Error("", "(unknown module)"))
1602072428816	Marionette	INFO	Listening on port 43071
1602072428833	Marionette	WARN	TLS certificate errors will be ignored for this session
JavaScript error: resource://gre/actors/AutoCompleteChild.jsm, line 235: Error: Invalid autocomplete selectedIndex
1602072429124	Marionette	INFO	Stopped listening on port 43071
console.error: Region.jsm: "Error fetching region" (new TypeError("NetworkError when attempting to fetch resource.", ""))
console.error: Region.jsm: "Failed to fetch region" (new Error("NO_RESULT", "resource://gre/modules/Region.jsm", 351))
console.error: services.settings: 
  main/fxmonitor-breaches Signature failed  Error: Shutdown, aborting read-only worker requests.
console.error: services.settings: 
  main/messaging-experiments Signature failed  Error: Shutdown, aborting read-only worker requests.
1602072779874	geckodriver	INFO	Listening on 127.0.0.1:57603
1602072779877	mozrunner::runner	INFO	Running command: "/usr/bin/firefox" "--marionette" "-foreground" "-no-remote" "-profile" "/tmp/rust_mozprofile16gaZE"
console.error: SearchCache: "_readCacheFile: Error reading cache file:" (new Error("", "(unknown module)"))
1602072782439	Marionette	INFO	Listening on port 43967
1602072782484	Marionette	WARN	TLS certificate errors will be ignored for this session
JavaScript error: resource://gre/actors/AutoCompleteChild.jsm, line 235: Error: Invalid autocomplete selectedIndex
1602072782724	Marionette	INFO	Stopped listening on port 43967
console.warn: services.settings: main/partitioning-exempt-urls sync interrupted by shutdown
console.error: services.settings: 
  main/cfr-fxa Signature failed  TypeError: NetworkError when attempting to fetch resource.
1602072820122	geckodriver	INFO	Listening on 127.0.0.1:50213
1602072820126	mozrunner::runner	INFO	Running command: "/usr/bin/firefox" "--marionette" "-foreground" "-no-remote" "-profile" "/tmp/rust_mozprofile0TStoI"
console.error: SearchCache: "_readCacheFile: Error reading cache file:" (new Error("", "(unknown module)"))
1602072822593	Marionette	INFO	Listening on port 42841
1602072822633	Marionette	WARN	TLS certificate errors will be ignored for this session
JavaScript error: resource://gre/actors/AutoCompleteChild.jsm, line 235: Error: Invalid autocomplete selectedIndex
1602072822838	Marionette	INFO	Stopped listening on port 42841
1602072884319	geckodriver	INFO	Listening on 127.0.0.1:36283
1602072884323	mozrunner::runner	INFO	Running command: "/usr/bin/firefox" "--marionette" "-foreground" "-no-remote" "-profile" "/tmp/rust_mozprofileZVtNHX"
console.error: SearchCache: "_readCacheFile: Error reading cache file:" (new Error("", "(unknown module)"))
1602072886839	Marionette	INFO	Listening on port 44597
1602072886930	Marionette	WARN	TLS certificate errors will be ignored for this session
JavaScript error: resource://gre/actors/AutoCompleteChild.jsm, line 235: Error: Invalid autocomplete selectedIndex
1602072887181	Marionette	INFO	Stopped listening on port 44597
console.error: services.settings: 
  main/partitioning-exempt-urls Signature failed  TypeError: NetworkError when attempting to fetch resource.
1602073124911	geckodriver	INFO	Listening on 127.0.0.1:48601
1602073124915	mozrunner::runner	INFO	Running command: "/usr/bin/firefox" "--marionette" "-foreground" "-no-remote" "-profile" "/tmp/rust_mozprofileFRpCCL"
console.error: SearchCache: "_readCacheFile: Error reading cache file:" (new Error("", "(unknown module)"))
1602073127116	Marionette	INFO	Listening on port 43487
1602073127124	Marionette	WARN	TLS certificate errors will be ignored for this session
JavaScript error: resource://gre/actors/AutoCompleteChild.jsm, line 235: Error: Invalid autocomplete selectedIndex
1602073127365	Marionette	INFO	Stopped listening on port 43487
console.error: Region.jsm: "Error fetching region" (new TypeError("NetworkError when attempting to fetch resource.", ""))
console.error: Region.jsm: "Failed to fetch region" (new Error("NO_RESULT", "resource://gre/modules/Region.jsm", 351))
console.error: services.settings: 
  main/cfr-fxa Signature failed  TypeError: NetworkError when attempting to fetch resource.
1602073386024	geckodriver	INFO	Listening on 127.0.0.1:32829
1602073386028	mozrunner::runner	INFO	Running command: "/usr/bin/firefox" "--marionette" "-foreground" "-no-remote" "-profile" "/tmp/rust_mozprofileRMR6C4"
console.error: SearchCache: "_readCacheFile: Error reading cache file:" (new Error("", "(unknown module)"))
1602073388485	Marionette	INFO	Listening on port 35973
1602073388536	Marionette	WARN	TLS certificate errors will be ignored for this session
JavaScript error: resource://gre/actors/AutoCompleteChild.jsm, line 235: Error: Invalid autocomplete selectedIndex
1602073388751	Marionette	INFO	Stopped listening on port 35973
console.error: Region.jsm: "Error fetching region" (new TypeError("NetworkError when attempting to fetch resource.", ""))
console.error: Region.jsm: "Failed to fetch region" (new Error("NO_RESULT", "resource://gre/modules/Region.jsm", 351))
console.error: services.settings: 
  main/partitioning-exempt-urls Signature failed  TypeError: NetworkError when attempting to fetch resource.
1602073425250	geckodriver	INFO	Listening on 127.0.0.1:35485
1602073425254	mozrunner::runner	INFO	Running command: "/usr/bin/firefox" "--marionette" "-foreground" "-no-remote" "-profile" "/tmp/rust_mozprofile1F2twH"
console.error: SearchCache: "_readCacheFile: Error reading cache file:" (new Error("", "(unknown module)"))
1602073427821	Marionette	INFO	Listening on port 38985
1602073427860	Marionette	WARN	TLS certificate errors will be ignored for this session
JavaScript error: resource://gre/actors/AutoCompleteChild.jsm, line 235: Error: Invalid autocomplete selectedIndex
1602073429199	Marionette	INFO	Stopped listening on port 38985
1602073468406	geckodriver	INFO	Listening on 127.0.0.1:47985
1602073468410	mozrunner::runner	INFO	Running command: "/usr/bin/firefox" "--marionette" "-foreground" "-no-remote" "-profile" "/tmp/rust_mozprofiletyQEZP"
console.error: SearchCache: "_readCacheFile: Error reading cache file:" (new Error("", "(unknown module)"))
1602073470942	Marionette	INFO	Listening on port 34887
1602073471017	Marionette	WARN	TLS certificate errors will be ignored for this session
JavaScript error: resource://gre/actors/AutoCompleteChild.jsm, line 235: Error: Invalid autocomplete selectedIndex
1602073474365	Marionette	INFO	Stopped listening on port 34887
console.warn: services.settings: main/whats-new-panel sync interrupted by shutdown
1602073548422	geckodriver	INFO	Listening on 127.0.0.1:58717
1602073548427	mozrunner::runner	INFO	Running command: "/usr/bin/firefox" "--marionette" "-foreground" "-no-remote" "-profile" "/tmp/rust_mozprofileuPODjf"
console.error: SearchCache: "_readCacheFile: Error reading cache file:" (new Error("", "(unknown module)"))
1602073551091	Marionette	INFO	Listening on port 33871
1602073551135	Marionette	WARN	TLS certificate errors will be ignored for this session
JavaScript error: resource://gre/actors/AutoCompleteChild.jsm, line 235: Error: Invalid autocomplete selectedIndex
1602073558594	Marionette	INFO	Stopped listening on port 33871
1602073598979	geckodriver	INFO	Listening on 127.0.0.1:46517
1602073598983	mozrunner::runner	INFO	Running command: "/usr/bin/firefox" "--marionette" "-foreground" "-no-remote" "-profile" "/tmp/rust_mozprofileUELbN5"
console.error: SearchCache: "_readCacheFile: Error reading cache file:" (new Error("", "(unknown module)"))
1602073601546	Marionette	INFO	Listening on port 43613
1602073601591	Marionette	WARN	TLS certificate errors will be ignored for this session
JavaScript error: resource://gre/actors/AutoCompleteChild.jsm, line 235: Error: Invalid autocomplete selectedIndex
1602073603987	Marionette	INFO	Stopped listening on port 43613
1602074043811	geckodriver	INFO	Listening on 127.0.0.1:46335
1602074043816	mozrunner::runner	INFO	Running command: "/usr/bin/firefox" "--marionette" "-foreground" "-no-remote" "-profile" "/tmp/rust_mozprofileQqxwxx"
console.error: SearchCache: "_readCacheFile: Error reading cache file:" (new Error("", "(unknown module)"))
1602074046362	Marionette	INFO	Listening on port 37807
1602074046423	Marionette	WARN	TLS certificate errors will be ignored for this session
JavaScript error: resource://gre/actors/AutoCompleteChild.jsm, line 235: Error: Invalid autocomplete selectedIndex
1602074048741	Marionette	INFO	Stopped listening on port 37807
1602074125833	geckodriver	INFO	Listening on 127.0.0.1:56541
1602074125837	mozrunner::runner	INFO	Running command: "/usr/bin/firefox" "--marionette" "-foreground" "-no-remote" "-profile" "/tmp/rust_mozprofileVJAcCx"
console.error: SearchCache: "_readCacheFile: Error reading cache file:" (new Error("", "(unknown module)"))
1602074128538	Marionette	INFO	Listening on port 42915
1602074128552	Marionette	WARN	TLS certificate errors will be ignored for this session
JavaScript error: resource://gre/actors/AutoCompleteChild.jsm, line 235: Error: Invalid autocomplete selectedIndex
1602074131112	Marionette	INFO	Stopped listening on port 42915
1602074131769	geckodriver	INFO	Listening on 127.0.0.1:56091
1602074131781	mozrunner::runner	INFO	Running command: "/usr/bin/firefox" "--marionette" "-foreground" "-no-remote" "-profile" "/tmp/rust_mozprofileJ7BbmW"
console.error: SearchCache: "_readCacheFile: Error reading cache file:" (new Error("", "(unknown module)"))
1602074134727	Marionette	INFO	Listening on port 37441
1602074134792	Marionette	WARN	TLS certificate errors will be ignored for this session
JavaScript error: resource://gre/actors/AutoCompleteChild.jsm, line 235: Error: Invalid autocomplete selectedIndex
1602074135015	Marionette	INFO	Stopped listening on port 37441
console.error: Region.jsm: "Error fetching region" (new TypeError("NetworkError when attempting to fetch resource.", ""))
console.error: Region.jsm: "Failed to fetch region" (new Error("NO_RESULT", "resource://gre/modules/Region.jsm", 351))
1602074239128	geckodriver	INFO	Listening on 127.0.0.1:33499
1602074239132	mozrunner::runner	INFO	Running command: "/usr/bin/firefox" "--marionette" "-foreground" "-no-remote" "-profile" "/tmp/rust_mozprofilez3HC0V"
console.error: SearchCache: "_readCacheFile: Error reading cache file:" (new Error("", "(unknown module)"))
1602074241728	Marionette	INFO	Listening on port 45509
1602074241742	Marionette	WARN	TLS certificate errors will be ignored for this session
JavaScript error: resource://gre/actors/AutoCompleteChild.jsm, line 235: Error: Invalid autocomplete selectedIndex
1602074244157	Marionette	INFO	Stopped listening on port 45509
1602074244720	geckodriver	INFO	Listening on 127.0.0.1:48881
1602074244725	mozrunner::runner	INFO	Running command: "/usr/bin/firefox" "--marionette" "-foreground" "-no-remote" "-profile" "/tmp/rust_mozprofilePSgnD2"
console.error: SearchCache: "_readCacheFile: Error reading cache file:" (new Error("", "(unknown module)"))
1602074247440	Marionette	INFO	Listening on port 45761
1602074247532	Marionette	WARN	TLS certificate errors will be ignored for this session
JavaScript error: resource://gre/actors/AutoCompleteChild.jsm, line 235: Error: Invalid autocomplete selectedIndex
1602074248827	Marionette	INFO	Stopped listening on port 45761
1602074288031	geckodriver	INFO	Listening on 127.0.0.1:42905
1602074288035	mozrunner::runner	INFO	Running command: "/usr/bin/firefox" "--marionette" "-foreground" "-no-remote" "-profile" "/tmp/rust_mozprofileiu097p"
console.error: SearchCache: "_readCacheFile: Error reading cache file:" (new Error("", "(unknown module)"))
1602074290564	Marionette	INFO	Listening on port 36525
1602074290643	Marionette	WARN	TLS certificate errors will be ignored for this session
JavaScript error: resource://gre/actors/AutoCompleteChild.jsm, line 235: Error: Invalid autocomplete selectedIndex
1602074293174	Marionette	INFO	Stopped listening on port 36525
1602074293825	geckodriver	INFO	Listening on 127.0.0.1:57319
1602074293832	mozrunner::runner	INFO	Running command: "/usr/bin/firefox" "--marionette" "-foreground" "-no-remote" "-profile" "/tmp/rust_mozprofileuRT7E3"
console.error: SearchCache: "_readCacheFile: Error reading cache file:" (new Error("", "(unknown module)"))
1602074296494	Marionette	INFO	Listening on port 42505
1602074296550	Marionette	WARN	TLS certificate errors will be ignored for this session
JavaScript error: resource://gre/actors/AutoCompleteChild.jsm, line 235: Error: Invalid autocomplete selectedIndex
1602074297869	Marionette	INFO	Stopped listening on port 42505
